
Showing logs for build [32mcb-kubecd-environment-pr-177-54-rj8hn-1[0m stage [32mfrom-build-pack[0m and container [32mstep-credential-initializer-4m5dr[0m
{"level":"warn","ts":1583646146.8548446,"logger":"fallback-logger","caller":"logging/config.go:69","msg":"Fetch GitHub commit ID from kodata failed: \"ref: refs/heads/0.8.0-**-support-backwards-incompats\" is not a valid GitHub commit ID"}
{"level":"info","ts":1583646146.8553956,"logger":"fallback-logger","caller":"creds-init/main.go:40","msg":"Credentials initialized."}

Showing logs for build [32mcb-kubecd-environment-pr-177-54-rj8hn-1[0m stage [32mfrom-build-pack[0m and container [32mstep-working-dir-initializer-jncz7[0m
{"level":"warn","ts":1583646147.9091783,"logger":"fallback-logger","caller":"logging/config.go:69","msg":"Fetch GitHub commit ID from kodata failed: open /var/run/ko/HEAD: no such file or directory"}
{"level":"info","ts":1583646147.9103632,"logger":"fallback-logger","caller":"bash/main.go:64","msg":"Successfully executed command \"sh -c mkdir -p /workspace/source\"; output "}

Showing logs for build [32mcb-kubecd-environment-pr-177-54-rj8hn-1[0m stage [32mfrom-build-pack[0m and container [32mstep-place-tools[0m

Showing logs for build [32mcb-kubecd-environment-pr-177-54-rj8hn-1[0m stage [32mfrom-build-pack[0m and container [32mstep-git-source-cb-kubecd-environment-pr-177-54-rj8hn-vw4nt[0m
{"level":"warn","ts":1583646152.095859,"logger":"fallback-logger","caller":"logging/config.go:69","msg":"Fetch GitHub commit ID from kodata failed: \"ref: refs/heads/0.8.0-**-support-backwards-incompats\" is not a valid GitHub commit ID"}
{"level":"info","ts":1583646153.1260026,"logger":"fallback-logger","caller":"git/git.go:103","msg":"Successfully cloned https://github.com/cb-kubecd/environment-pr-177-54-boot-vault-gke-staging.git @ master in path /workspace/source"}

Showing logs for build [32mcb-kubecd-environment-pr-177-54-rj8hn-1[0m stage [32mfrom-build-pack[0m and container [32mstep-git-merge[0m
Using SHAs from PULL_REFS=master:481af36895b32b0d89de837494ed357787fc464f,4:dc3707487854db1ea7ff405ab753bd7a9699a2f9
DEBUG: LC_ALL=C JX_LOG_LEVEL=error git fetch origin --unshallow dc3707487854db1ea7ff405ab753bd7a9699a2f9: 481af36895b32b0d89de837494ed357787fc464f:
DEBUG: ran git fetch --unshallow origin dc3707487854db1ea7ff405ab753bd7a9699a2f9: 481af36895b32b0d89de837494ed357787fc464f: in 
DEBUG: LC_ALL=C JX_LOG_LEVEL=error git branch
DEBUG: LC_ALL=C JX_LOG_LEVEL=error git checkout master
DEBUG: ran git checkout master in 
DEBUG: LC_ALL=C JX_LOG_LEVEL=error git reset --hard 481af36895b32b0d89de837494ed357787fc464f
DEBUG: ran git reset --hard 481af36895b32b0d89de837494ed357787fc464f in 
DEBUG: LC_ALL=C JX_LOG_LEVEL=error git clean -fd .
DEBUG: ran clean --force -d . in 
DEBUG: LC_ALL=C JX_LOG_LEVEL=error git merge dc3707487854db1ea7ff405ab753bd7a9699a2f9
DEBUG: ran git merge dc3707487854db1ea7ff405ab753bd7a9699a2f9 in 
DEBUG: LC_ALL=C JX_LOG_LEVEL=error git log --format=%H%x1f%an%x1f%ae%x1f%cn%x1f%ce%x1f%s%n%b%x1e 481af36895b32b0d89de837494ed357787fc464f..HEAD
Merged SHA dc3707487854db1ea7ff405ab753bd7a9699a2f9 with commit message 'chore: Promote bdd-gh-1583643417 to version 0.0.1' into base branch master

Showing logs for build [32mcb-kubecd-environment-pr-177-54-rj8hn-1[0m stage [32mfrom-build-pack[0m and container [32mstep-build-helm-build[0m
WARNING: No $CHART_REPOSITORY defined so using the default value of: http://jenkins-x-chartmuseum:8080
Adding missing Helm repo: storage.googleapis.com https://storage.googleapis.com/chartmuseum.jenkins-x.io
WARNING: No secrets found on "helm/repos" due: reading the secret "helm/repos" from vault: no secret "helm/repos" not found in vault
Read credentials for https://storage.googleapis.com/chartmuseum.jenkins-x.io from vault helm/repos
Successfully added Helm repository storage.googleapis.com.
Adding missing Helm repo: jenkins-x-chartmuseum http://jenkins-x-chartmuseum:8080
WARNING: No secrets found on "helm/repos" due: reading the secret "helm/repos" from vault: no secret "helm/repos" not found in vault
Read credentials for http://jenkins-x-chartmuseum:8080 from vault helm/repos
Successfully added Helm repository jenkins-x-chartmuseum.
WARNING: No $CHART_REPOSITORY defined so using the default value of: http://jenkins-x-chartmuseum:8080
Adding missing Helm repo: chartmuseum.jenkins-x.io http://chartmuseum.jenkins-x.io
WARNING: No secrets found on "helm/repos" due: reading the secret "helm/repos" from vault: no secret "helm/repos" not found in vault
Read credentials for http://chartmuseum.jenkins-x.io from vault helm/repos
Successfully added Helm repository chartmuseum.jenkins-x.io.
